0 info it worked if it ends with ok
1 verbose cli [ 'C:\\Program Files (x86)\\nodejs\\\\node.exe',
1 verbose cli   'C:\\Program Files (x86)\\nodejs\\node_modules\\npm\\bin\\npm-cli.js',
1 verbose cli   'run',
1 verbose cli   'gulp' ]
2 info using npm@3.8.3
3 info using node@v0.10.33
4 verbose run-script [ 'pregulp', 'gulp', 'postgulp' ]
5 info lifecycle angular2-boilerplate@1.0.0~pregulp: angular2-boilerplate@1.0.0
6 silly lifecycle angular2-boilerplate@1.0.0~pregulp: no script for pregulp, continuing
7 info lifecycle angular2-boilerplate@1.0.0~gulp: angular2-boilerplate@1.0.0
8 verbose lifecycle angular2-boilerplate@1.0.0~gulp: unsafe-perm in lifecycle true
9 verbose lifecycle angular2-boilerplate@1.0.0~gulp: PATH: C:\Program Files (x86)\nodejs\node_modules\npm\bin\node-gyp-bin;C:\web\udemy-2-proj\node_modules\.bin;C:\Program Files (x86)\nodejs;C:\Program Files (x86)\nodejs\node_modules\npm\bin\node-gyp-bin;C:\web\udemy-2-proj\node_modules\.bin;C:\Program Files (x86)\nodejs;C:\Users\Gareth\bin;C:\Users\Gareth\AppData\Local\Programs\Git\mingw64\bin;C:\Users\Gareth\AppData\Local\Programs\Git\usr\local\bin;C:\Users\Gareth\AppData\Local\Programs\Git\usr\bin;C:\Users\Gareth\AppData\Local\Programs\Git\usr\bin;C:\Users\Gareth\AppData\Local\Programs\Git\mingw64\bin;C:\Users\Gareth\AppData\Local\Programs\Git\usr\bin;C:\Users\Gareth\bin;C:\WINDOWS\system32;C:\WINDOWS;C:\WINDOWS\System32\Wbem;C:\WINDOWS\System32\WindowsPowerShell\v1.0;C:\Program Files\Microsoft SQL Server\120\Tools\Binn;C:\Program Files (x86)\nodejs;C:\Program Files (x86)\Common Files\Adobe\AGL;C:\Program Files (x86)\Windows Kits\10\Windows Performance Toolkit;C:\Users\Gareth\AppData\Roaming\npm;C:\Users\Gareth\npm-global;C:\Users\Gareth\AppData\Local\Programs\Git\cmd;C:\Program Files (x86)\Microsoft VS Code\bin;C:\Users\Gareth\AppData\Local\Programs\Git\usr\bin\vendor_perl;C:\Users\Gareth\AppData\Local\Programs\Git\usr\bin\core_perl
10 verbose lifecycle angular2-boilerplate@1.0.0~gulp: CWD: C:\web\udemy-2-proj
11 silly lifecycle angular2-boilerplate@1.0.0~gulp: Args: [ '/d /s /c', 'gulp' ]
12 silly lifecycle angular2-boilerplate@1.0.0~gulp: Returned: code: 8  signal: null
13 info lifecycle angular2-boilerplate@1.0.0~gulp: Failed to exec gulp script
14 verbose stack Error: angular2-boilerplate@1.0.0 gulp: `gulp`
14 verbose stack Exit status 8
14 verbose stack     at EventEmitter.<anonymous> (C:\Program Files (x86)\nodejs\node_modules\npm\lib\utils\lifecycle.js:239:16)
14 verbose stack     at EventEmitter.emit (events.js:98:17)
14 verbose stack     at ChildProcess.<anonymous> (C:\Program Files (x86)\nodejs\node_modules\npm\lib\utils\spawn.js:24:14)
14 verbose stack     at ChildProcess.emit (events.js:98:17)
14 verbose stack     at maybeClose (child_process.js:756:16)
14 verbose stack     at Process.ChildProcess._handle.onexit (child_process.js:823:5)
15 verbose pkgid angular2-boilerplate@1.0.0
16 verbose cwd C:\web\udemy-2-proj
17 error Windows_NT 6.2.9200
18 error argv "C:\\Program Files (x86)\\nodejs\\\\node.exe" "C:\\Program Files (x86)\\nodejs\\node_modules\\npm\\bin\\npm-cli.js" "run" "gulp"
19 error node v0.10.33
20 error npm  v3.8.3
21 error code ELIFECYCLE
22 error angular2-boilerplate@1.0.0 gulp: `gulp`
22 error Exit status 8
23 error Failed at the angular2-boilerplate@1.0.0 gulp script 'gulp'.
23 error Make sure you have the latest version of node.js and npm installed.
23 error If you do, this is most likely a problem with the angular2-boilerplate package,
23 error not with npm itself.
23 error Tell the author that this fails on your system:
23 error     gulp
23 error You can get information on how to open an issue for this project with:
23 error     npm bugs angular2-boilerplate
23 error Or if that isn't available, you can get their info via:
23 error     npm owner ls angular2-boilerplate
23 error There is likely additional logging output above.
24 verbose exit [ 1, true ]
